2024-05-23 09:26:06 file floridistan.txt
2024-05-23 09:26:06 version wsf 2.9.0
2024-05-23 09:26:06 file floridistan.txt
2024-05-23 09:26:06 file setup.txt
2024-05-23 09:26:06 file ../../../models/platforms/common.txt
2024-05-23 09:26:06 file platforms/bomber.txt
2024-05-23 09:26:06 file ../../../models/weapons/agm/red_gps_bomb_1.txt
2024-05-23 09:26:06 file ../../../models/signatures/bomber_infrared_sig.txt
2024-05-23 09:26:06 file ../../../models/signatures/bomber_optical_sig.txt
2024-05-23 09:26:06 file ../../../models/signatures/bomber_radar_sig.txt
2024-05-23 09:26:06 file platforms/car.txt
2024-05-23 09:26:06 file platforms/satellite.txt
2024-05-23 09:26:06 file platforms/ship.txt
2024-05-23 09:26:06 file platforms/tank.txt
2024-05-23 09:26:06 file scenarios/blue_laydown.txt
2024-05-23 09:26:06 file scenarios/red_laydown.txt
2024-05-23 09:26:06 AER output file: output/jacksonabad.aer
2024-05-23 09:26:06 Event output file: output/jacksonabad.evt
2024-05-23 09:26:06 start 1
2024-05-23 09:26:06 complete 3600.001 0.020 0.000
